Running: C:\Xilinx\13.4\ISE_DS\ISE\bin\nt64\unwrapped\fuse.exe -intstyle ise -incremental -o C:/Users/goran/Desktop/F2023/COE758/Labs/Tutorial1/Tutorial1/Tutorial1TestBench_isim_beh.exe -prj C:/Users/goran/Desktop/F2023/COE758/Labs/Tutorial1/Tutorial1/Tutorial1TestBench_beh.prj work.Tutorial1TestBench 
ISim O.87xd (signature 0xc3576ebc)
Number of CPUs detected in this system: 16
Turning on mult-threading, number of parallel sub-compilation jobs: 32 
Determining compilation order of HDL files
Parsing VHDL file "C:/Users/goran/Desktop/F2023/COE758/Labs/Tutorial1/Tutorial1/Tutorial1.vhd" into library work
Parsing VHDL file "C:/Users/goran/Desktop/F2023/COE758/Labs/Tutorial1/Tutorial1/Tutorial1TestBench.vhd" into library work
Starting static elaboration
Completed static elaboration
Compiling package standard
Compiling package std_logic_1164
Compiling package std_logic_arith
Compiling package std_logic_unsigned
Compiling architecture behavioral of entity Tutorial1 [tutorial1_default]
Compiling architecture behavior of entity tutorial1testbench
Time Resolution for simulation is 1ps.
Compiled 7 VHDL Units
Built simulation executable C:/Users/goran/Desktop/F2023/COE758/Labs/Tutorial1/Tutorial1/Tutorial1TestBench_isim_beh.exe
Fuse Memory Usage: 35396 KB
Fuse CPU Usage: 249 ms
